Graphs_filtering_Area_Division.py: Loading datasets...
Graphs_filtering_Area_Division.py: Datasets loaded.
Graphs_filtering_Area_Division.py: Dropping initial null columns...
Graphs_filtering_Area_Division.py: Initial null columns dropped.
Graphs_filtering_Area_Division.py: Filling missing Cell Identity values...
Graphs_filtering_Area_Division.py: Cell Identity values filled.
Graphs_filtering_Area_Division.py: Converting HTTP columns to binary...
Graphs_filtering_Area_Division.py: HTTP columns converted.
Graphs_filtering_Area_Division.py: Filtering HTTP intervals...
Graphs_filtering_Area_Division.py: HTTP intervals filtered.
Graphs_filtering_Area_Division.py: Dropping HTTP columns...
Graphs_filtering_Area_Division.py: HTTP columns dropped.
Graphs_filtering_Area_Division.py: Dropping rows with null Throughput...
Graphs_filtering_Area_Division.py: Rows with null Throughput dropped.
Graphs_filtering_Area_Division.py: Dropping rows with null neighbor data...
Graphs_filtering_Area_Division.py: Rows with null neighbor data dropped.
Graphs_filtering_Area_Division.py: Extracting eNodeB Lat/Lon...
Graphs_filtering_Area_Division.py: eNodeB Lat/Lon extracted.
Graphs_filtering_Area_Division.py: Adding Bad Throughput column...
Graphs_filtering_Area_Division.py: Bad Throughput column added.
Graphs_filtering_Area_Division.py: Converting Time column...
Graphs_filtering_Area_Division.py: Time column converted and data sorted.
Graphs_filtering_Area_Division.py: Converting Date and Time to DateTime...
Graphs_filtering_Area_Division.py: Date and Time converted.
Graphs_filtering_Area_Division.py: Sorting by Date and Time...
Graphs_filtering_Area_Division.py: Data sorted.
Graphs_filtering_Area_Division.py: Assigning Spot_Area_Num...
Graphs_filtering_Area_Division.py: Spot_Area_Num assigned.
Graphs_filtering_Area_Division.py: Removing Time2 column...
Graphs_filtering_Area_Division.py: Time2 column removed.
Graphs_filtering_Area_Division.py: Calculating Distance_To_Site...
Graphs_filtering_Area_Division.py: Distance_To_Site calculated.
Graphs_filtering_Area_Division.py: Checking Distance and Power...
Graphs_filtering_Area_Division.py: Distance and Power check complete.
Graphs_filtering_Area_Division.py: Saving Graphs_Divided_input.csv...
Graphs_filtering_Area_Division.py: Graphs_Divided_input.csv saved.
Graphs_filtering_Area_Division.py: Script finished.
